software/src/squid/core/events.py:import squid.core.logging
software/src/squid/core/utils/hardware_utils.py:import squid.core.logging
software/src/squid/core/utils/safe_callback.py:import squid.core.logging
software/src/squid/core/utils/config_utils.py:import squid.core.utils.utils_channel as utils_channel
software/src/squid/core/state_machine.py:import squid.core.logging
software/src/squid/core/abc.py:import squid.core.logging
software/src/squid/core/abc.py:import squid.core.utils.hardware_utils
software/src/squid/backend/microscope.py:import squid.backend.drivers.lighting.celesta
software/src/squid/backend/microscope.py:import squid.backend.drivers.lighting.illumination_andor
software/src/squid/backend/microscope.py:import squid.backend.microcontroller
software/src/squid/backend/microscope.py:import squid.backend.drivers.lighting as serial_peripherals
software/src/squid/backend/microscope.py:import squid.backend.drivers.cameras.camera_utils
software/src/squid/backend/microscope.py:import squid.core.config
software/src/squid/backend/microscope.py:import squid.backend.drivers.filter_wheels.utils
software/src/squid/backend/microscope.py:import squid.core.logging
software/src/squid/backend/microscope.py:import squid.backend.drivers.stages.cephla
software/src/squid/backend/microscope.py:import squid.backend.drivers.stages.stage_utils
software/src/squid/backend/microscope.py:    import squid.backend.drivers.peripherals.nl5 as NL5
software/src/squid/backend/microscope.py:                import squid.backend.drivers.peripherals.nl5 as nl5_module
software/src/squid/backend/drivers/stages/serial.py:import squid.core.logging
software/src/squid/backend/drivers/stages/stage_utils.py:import squid.core.logging
software/src/squid/backend/drivers/stages/stage_utils.py:import squid.core.utils.hardware_utils
software/src/squid/backend/drivers/cameras/photometrics.py:import squid.core.logging
software/src/squid/backend/drivers/cameras/toupcam.py:import squid.core.utils.hardware_utils
software/src/squid/backend/drivers/cameras/toupcam.py:import squid.core.logging
software/src/squid/backend/drivers/cameras/toupcam.py:import squid.backend.drivers.cameras.toupcam_sdk as toupcam
software/src/squid/backend/drivers/cameras/simulated.py:import squid.core.logging
software/src/squid/backend/drivers/cameras/camera_utils.py:import squid.core.logging
software/src/squid/backend/drivers/cameras/camera_utils.py:import squid.backend.drivers.cameras.simulated  # noqa: F401, E402
software/src/squid/backend/drivers/cameras/camera_utils.py:            import squid.backend.drivers.cameras.toupcam
software/src/squid/backend/drivers/cameras/camera_utils.py:            import squid.backend.drivers.cameras.flir
software/src/squid/backend/drivers/cameras/camera_utils.py:            import squid.backend.drivers.cameras.hamamatsu
software/src/squid/backend/drivers/cameras/camera_utils.py:            import squid.backend.drivers.cameras.ids
software/src/squid/backend/drivers/cameras/camera_utils.py:            import squid.backend.drivers.cameras.tucsen
software/src/squid/backend/drivers/cameras/camera_utils.py:            import squid.backend.drivers.cameras.photometrics
software/src/squid/backend/drivers/cameras/camera_utils.py:            import squid.backend.drivers.cameras.andor
software/src/squid/backend/drivers/cameras/camera_utils.py:            import squid.backend.drivers.cameras.tis
software/src/squid/backend/drivers/cameras/camera_utils.py:            import squid.backend.drivers.cameras.base
software/src/squid/backend/drivers/cameras/camera_utils.py:        import squid.backend.drivers.cameras.base
software/src/squid/backend/drivers/cameras/tucsen.py:import squid.core.logging
software/src/squid/backend/drivers/cameras/tucsen.py:import squid.core.utils.hardware_utils
software/src/squid/backend/drivers/cameras/tis.py:import squid.core.logging
software/src/squid/backend/drivers/cameras/ids.py:import squid.core.logging
software/src/squid/backend/drivers/cameras/base.py:    import squid.backend.drivers.gxipy as gx
software/src/squid/backend/drivers/cameras/hamamatsu.py:import squid.core.utils.hardware_utils
software/src/squid/backend/drivers/peripherals/serial_base.py:import squid.core.logging
software/src/squid/backend/drivers/peripherals/nl5.py:import squid.backend.drivers.peripherals.rcm as RCM_API
software/src/squid/backend/drivers/peripherals/objective_changer.py:import squid.core.abc
software/src/squid/backend/drivers/lighting/dragonfly.py:import squid.core.logging
software/src/squid/backend/drivers/lighting/illumination_andor.py:import squid.core.logging
software/src/squid/backend/drivers/lighting/xlight.py:import squid.core.logging
software/src/squid/backend/drivers/lighting/celesta.py:import squid.core.logging
software/src/squid/backend/drivers/lighting/ldi.py:import squid.core.logging
software/src/squid/backend/drivers/filter_wheels/zaber.py:import squid.core.logging
software/src/squid/backend/drivers/filter_wheels/optospin.py:import squid.core.logging
software/src/squid/backend/drivers/filter_wheels/utils.py:import squid.core.logging
software/src/squid/backend/processing/tracking_dasiamrpn.py:import squid.core.utils.image_processing as image_processing
software/src/squid/backend/managers/focus_map.py:import squid.core.logging
software/src/squid/backend/managers/navigation_state_service.py:import squid.core.logging
software/src/squid/backend/managers/channel_configuration_manager.py:import squid.core.utils.config_utils as utils_config
software/src/squid/backend/managers/channel_configuration_manager.py:import squid.core.logging
software/src/squid/backend/managers/scan_coordinates.py:import squid.core.logging
software/src/squid/backend/io/writers/utils_ome_tiff_writer.py:import squid.core.utils.hardware_utils as utils
software/src/squid/backend/io/stream_handler.py:import squid.core.utils.hardware_utils as utils
software/src/squid/backend/microcontroller.py:import squid.core.logging
software/src/squid/backend/controllers/multipoint/job_processing.py:import squid.core.abc
software/src/squid/backend/controllers/multipoint/job_processing.py:import squid.core.logging
software/src/squid/backend/controllers/multipoint/multi_point_controller.py:import squid.core.utils.hardware_utils as utils
software/src/squid/backend/controllers/multipoint/multi_point_controller.py:import squid.core.logging
software/src/squid/backend/controllers/multipoint/multi_point_worker.py:import squid.core.utils.hardware_utils as utils
software/src/squid/backend/controllers/multipoint/multi_point_worker.py:import squid.core.logging
software/src/squid/backend/controllers/multipoint/multi_point_worker.py:import squid.backend.controllers.multipoint.job_processing
software/src/squid/backend/controllers/autofocus/auto_focus_controller.py:import squid.core.logging
software/src/squid/backend/controllers/autofocus/auto_focus_controller.py:import squid.core.utils.hardware_utils as utils
software/src/squid/backend/controllers/autofocus/auto_focus_worker.py:import squid.core.logging
software/src/squid/backend/controllers/autofocus/auto_focus_worker.py:import squid.core.utils.hardware_utils as utils
software/src/squid/backend/controllers/autofocus/laser_auto_focus_controller.py:import squid.core.utils.hardware_utils as utils
software/src/squid/backend/controllers/autofocus/laser_auto_focus_controller.py:import squid.core.logging
software/src/squid/backend/controllers/tracking_controller.py:import squid.core.logging
software/src/squid/backend/controllers/live_controller.py:import squid.core.logging
software/src/squid/backend/controllers/image_click_controller.py:import squid.core.logging
software/src/squid/backend/services/movement_service.py:import squid.core.logging
software/src/squid/backend/services/base.py:import squid.core.logging
software/src/squid/core/config/__init__.py:from squid.core.utils.hardware_utils import FlipVariant
software/src/squid/core/config/acquisition.py:    from squid.core.config.acquisition import AcquisitionConfig, GridScanConfig
software/src/squid/core/events.py:    from squid.core.events import Event, EventBus, event_bus
software/src/squid/core/events.py:    from squid.core.config import CameraPixelFormat
software/src/squid/core/utils/thread_safe_state.py:    from squid.core.utils.thread_safe_state import ThreadSafeValue, ThreadSafeFlag
software/src/squid/core/utils/__init__.py:from squid.core.utils.safe_callback import safe_callback, CallbackResult
software/src/squid/core/utils/__init__.py:from squid.core.utils.thread_safe_state import ThreadSafeValue, ThreadSafeFlag
software/src/squid/core/utils/safe_callback.py:    from squid.core.utils.safe_callback import safe_callback
software/src/squid/core/state_machine.py:from squid.core.events import Event, EventBus
software/src/squid/core/mode_gate.py:from squid.core.events import EventBus, GlobalModeChanged
software/src/squid/core/abc.py:from squid.core.config import StageConfig, CameraConfig, CameraPixelFormat
software/src/squid/core/abc.py:from squid.core.exceptions import SquidTimeout
software/src/squid/backend/microscope.py:from squid.backend.managers import ChannelConfigurationManager
software/src/squid/backend/microscope.py:from squid.backend.managers import ConfigurationManager
software/src/squid/backend/microscope.py:from squid.backend.managers import ContrastManager
software/src/squid/backend/microscope.py:from squid.backend.controllers.autofocus import LaserAFSettingManager
software/src/squid/backend/microscope.py:from squid.backend.controllers.live_controller import LiveController
software/src/squid/backend/microscope.py:from squid.backend.managers import ObjectiveStore
software/src/squid/backend/microscope.py:from squid.backend.io.stream_handler import (
software/src/squid/backend/microscope.py:from squid.backend.drivers.lighting.led import (
software/src/squid/backend/microscope.py:from squid.backend.microcontroller import Microcontroller
software/src/squid/backend/microscope.py:from squid.backend.drivers.peripherals.piezo import PiezoStage
software/src/squid/backend/microscope.py:from squid.backend.drivers.lighting import SciMicroscopyLEDArray
software/src/squid/backend/microscope.py:from squid.core.abc import (
software/src/squid/backend/microscope.py:from squid.core.events import event_bus
software/src/squid/backend/microscope.py:from squid.backend.drivers.stages.stage_utils import get_stage
software/src/squid/backend/microscope.py:    from squid.backend.drivers.peripherals.objective_changer import (
software/src/squid/backend/microscope.py:    from squid.backend.drivers.fluidics.fluidics import Fluidics
software/src/squid/backend/microscope.py:                from squid.core.events import event_bus
software/src/squid/backend/microscope.py:            from squid.core.events import event_bus
software/src/squid/backend/drivers/gxipy/__init__.py:from squid.backend.drivers.gxipy.gxiapi import *
software/src/squid/backend/drivers/gxipy/__init__.py:from squid.backend.drivers.gxipy.gxidef import *
software/src/squid/backend/drivers/gxipy/__init__.py:from squid.backend.drivers.gxipy.gxwrapper import *
software/src/squid/backend/drivers/gxipy/gxiapi.py:from squid.backend.drivers.gxipy.gxwrapper import *
software/src/squid/backend/drivers/gxipy/gxiapi.py:from squid.backend.drivers.gxipy.dxwrapper import *
software/src/squid/backend/drivers/gxipy/gxiapi.py:from squid.backend.drivers.gxipy.gxidef import *
software/src/squid/backend/drivers/stages/simulated.py:from squid.core.abc import AbstractStage, Pos, StageStage
software/src/squid/backend/drivers/stages/simulated.py:from squid.core.config import StageConfig
software/src/squid/backend/drivers/stages/cephla.py:from squid.core.abc import AbstractStage, Pos, StageStage
software/src/squid/backend/drivers/stages/cephla.py:from squid.core.config import StageConfig, AxisConfig
software/src/squid/backend/drivers/stages/cephla.py:    from squid.backend.microcontroller import Microcontroller
software/src/squid/backend/drivers/stages/__init__.py:from squid.backend.drivers.stages.serial import (
software/src/squid/backend/drivers/stages/__init__.py:from squid.backend.drivers.stages.simulated import SimulatedStage
software/src/squid/backend/drivers/stages/__init__.py:from squid.backend.drivers.stages.stage_utils import get_stage
software/src/squid/backend/drivers/stages/prior.py:from squid.core.abc import AbstractStage, Pos, StageStage
software/src/squid/backend/drivers/stages/prior.py:from squid.core.config import StageConfig
software/src/squid/backend/drivers/stages/stage_utils.py:from squid.core.abc import Pos, AbstractStage
software/src/squid/backend/drivers/stages/stage_utils.py:from squid.core.config import StageConfig
software/src/squid/backend/drivers/stages/stage_utils.py:        from squid.backend.drivers.stages.simulated import SimulatedStage
software/src/squid/backend/drivers/stages/stage_utils.py:        from squid.backend.drivers.stages.prior import PriorStage
software/src/squid/backend/drivers/stages/stage_utils.py:        from squid.backend.drivers.stages.cephla import CephlaStage
software/src/squid/backend/drivers/__init__.py:from squid.backend.drivers.peripherals.serial_base import SerialDevice, SerialDeviceError
software/src/squid/backend/drivers/cameras/photometrics.py:from squid.core.config import CameraConfig, CameraPixelFormat
software/src/squid/backend/drivers/cameras/photometrics.py:from squid.core.abc import (
software/src/squid/backend/drivers/cameras/toupcam.py:from squid.core.abc import (
software/src/squid/backend/drivers/cameras/toupcam.py:from squid.core.config import CameraConfig, ToupcamCameraModel
software/src/squid/backend/drivers/cameras/toupcam.py:from squid.backend.drivers.cameras.toupcam_exceptions import hresult_checker
software/src/squid/backend/drivers/cameras/toupcam.py:from squid.backend.drivers.cameras.camera_utils import camera_registry
software/src/squid/backend/drivers/cameras/simulated.py:from squid.core.config import CameraConfig, CameraPixelFormat
software/src/squid/backend/drivers/cameras/simulated.py:from squid.core.abc import (
software/src/squid/backend/drivers/cameras/simulated.py:from squid.backend.drivers.cameras.camera_utils import camera_registry
software/src/squid/backend/drivers/cameras/simulated.py:            from squid.core.events import StagePositionChanged, PiezoPositionChanged
software/src/squid/backend/drivers/cameras/simulated.py:            from squid.backend.drivers.cameras.cell_renderer import SimpleCellFieldRenderer
software/src/squid/backend/drivers/cameras/simulated.py:            from squid.core.events import StagePositionChanged, ObjectiveChanged
software/src/squid/backend/drivers/cameras/camera_utils.py:from squid.core.config import CameraConfig, CameraVariant
software/src/squid/backend/drivers/cameras/camera_utils.py:from squid.core.abc import AbstractCamera
software/src/squid/backend/drivers/cameras/camera_utils.py:from squid.core.registry import Registry
software/src/squid/backend/drivers/cameras/camera_utils.py:from squid.backend.drivers.cameras.simulated import (  # noqa: F401, E402
software/src/squid/backend/drivers/cameras/tucsen.py:from squid.core.abc import AbstractCamera, CameraError
software/src/squid/backend/drivers/cameras/tucsen.py:from squid.core.config import CameraConfig, CameraPixelFormat, TucsenCameraModel
software/src/squid/backend/drivers/cameras/tucsen.py:from squid.core.abc import (
software/src/squid/backend/drivers/cameras/tucsen.py:from squid.backend.drivers.cameras.tucam_sdk import *
software/src/squid/backend/drivers/cameras/tucsen.py:            from squid.backend.drivers.cameras.tucam_sdk import TUELEM_TYPE
software/src/squid/backend/drivers/cameras/toupcam_exceptions.py:from squid.backend.drivers.cameras.toupcam_sdk import HRESULTException
software/src/squid/backend/drivers/cameras/dcam.py:from squid.backend.drivers.cameras.dcamapi4 import *
software/src/squid/backend/drivers/cameras/andor.py:from squid.core.abc import AbstractCamera, CameraError
software/src/squid/backend/drivers/cameras/andor.py:from squid.core.config import CameraConfig, CameraPixelFormat
software/src/squid/backend/drivers/cameras/andor.py:from squid.core.abc import (
software/src/squid/backend/drivers/cameras/base.py:from squid.core.abc import (
software/src/squid/backend/drivers/cameras/base.py:from squid.core.config import CameraConfig, CameraPixelFormat, GxipyCameraModel, CameraSensor
software/src/squid/backend/drivers/cameras/hamamatsu.py:from squid.core.abc import AbstractCamera, CameraError
software/src/squid/backend/drivers/cameras/hamamatsu.py:from squid.core.config import CameraConfig, CameraPixelFormat
software/src/squid/backend/drivers/cameras/hamamatsu.py:from squid.core.abc import (
software/src/squid/backend/drivers/cameras/hamamatsu.py:from squid.backend.drivers.cameras.dcam import Dcam, Dcamapi
software/src/squid/backend/drivers/cameras/hamamatsu.py:from squid.backend.drivers.cameras.dcamapi4 import *
software/src/squid/backend/drivers/peripherals/piezo.py:from squid.backend.microcontroller import Microcontroller
software/src/squid/backend/drivers/peripherals/objective_changer.py:from squid.backend.drivers.peripherals.xeryon import Xeryon, Stage
software/src/squid/backend/drivers/lighting/led.py:from squid.backend.microcontroller import Microcontroller
software/src/squid/backend/drivers/lighting/dragonfly.py:from squid.backend.drivers.peripherals.serial_base import SerialDevice, SerialDeviceError
software/src/squid/backend/drivers/lighting/illumination_andor.py:from squid.core.abc import LightSource
software/src/squid/backend/drivers/lighting/illumination_andor.py:from squid.backend.drivers.lighting.led import IntensityControlMode, ShutterControlMode
software/src/squid/backend/drivers/lighting/xlight.py:from squid.backend.drivers.peripherals.serial_base import SerialDevice
software/src/squid/backend/drivers/lighting/__init__.py:from squid.backend.drivers.lighting.led import (
software/src/squid/backend/drivers/lighting/__init__.py:from squid.backend.drivers.lighting.xlight import XLight, XLight_Simulation
software/src/squid/backend/drivers/lighting/__init__.py:from squid.backend.drivers.lighting.dragonfly import Dragonfly, Dragonfly_Simulation
software/src/squid/backend/drivers/lighting/__init__.py:from squid.backend.drivers.lighting.ldi import LDI, LDI_Simulation
software/src/squid/backend/drivers/lighting/__init__.py:from squid.backend.drivers.lighting.cellx import CellX, CellX_Simulation
software/src/squid/backend/drivers/lighting/__init__.py:from squid.backend.drivers.lighting.sci_led_array import (
software/src/squid/backend/drivers/lighting/__init__.py:from squid.backend.drivers.lighting.celesta import CELESTA
software/src/squid/backend/drivers/lighting/celesta.py:from squid.core.abc import LightSource
software/src/squid/backend/drivers/lighting/celesta.py:from squid.backend.drivers.lighting.led import ShutterControlMode
software/src/squid/backend/drivers/lighting/cellx.py:from squid.backend.drivers.peripherals.serial_base import SerialDevice
software/src/squid/backend/drivers/lighting/ldi.py:from squid.backend.drivers.peripherals.serial_base import SerialDevice
software/src/squid/backend/drivers/lighting/ldi.py:from squid.backend.drivers.lighting.led import IntensityControlMode, ShutterControlMode
software/src/squid/backend/drivers/lighting/ldi.py:from squid.core.abc import LightSource
software/src/squid/backend/drivers/lighting/sci_led_array.py:from squid.backend.drivers.peripherals.serial_base import SerialDevice
software/src/squid/backend/drivers/filter_wheels/cephla.py:from squid.backend.microcontroller import Microcontroller
software/src/squid/backend/drivers/filter_wheels/cephla.py:from squid.core.abc import AbstractFilterWheelController, FilterWheelInfo
software/src/squid/backend/drivers/filter_wheels/cephla.py:from squid.core.config import SquidFilterWheelConfig
software/src/squid/backend/drivers/filter_wheels/zaber.py:from squid.core.abc import (
software/src/squid/backend/drivers/filter_wheels/zaber.py:from squid.core.config import ZaberFilterWheelConfig
software/src/squid/backend/drivers/filter_wheels/optospin.py:from squid.core.abc import (
software/src/squid/backend/drivers/filter_wheels/optospin.py:from squid.core.config import OptospinFilterWheelConfig
software/src/squid/backend/drivers/filter_wheels/utils.py:from squid.core.abc import AbstractFilterWheelController, FilterWheelInfo
software/src/squid/backend/drivers/filter_wheels/utils.py:from squid.core.config import FilterWheelConfig, FilterWheelControllerVariant
software/src/squid/backend/drivers/filter_wheels/utils.py:    from squid.backend.drivers.filter_wheels.cephla import SquidFilterWheel
software/src/squid/backend/drivers/filter_wheels/utils.py:    from squid.backend.drivers.filter_wheels.optospin import Optospin
software/src/squid/backend/drivers/filter_wheels/utils.py:    from squid.backend.drivers.filter_wheels.zaber import ZaberFilterController
software/src/squid/backend/processing/__init__.py:from squid.backend.processing.handler import ProcessingHandler, default_image_preprocessor
software/src/squid/backend/managers/objective_store.py:from squid.core.events import EventBus, ObjectiveChanged
software/src/squid/backend/managers/navigation_state_service.py:from squid.core.events import (
software/src/squid/backend/managers/navigation_state_service.py:    from squid.backend.managers import ObjectiveStore
software/src/squid/backend/managers/navigation_state_service.py:    from squid.backend.services.camera_service import CameraService
software/src/squid/backend/managers/channel_configuration_manager.py:from squid.core.utils.config_utils import ChannelConfig, ChannelMode
software/src/squid/backend/managers/channel_configuration_manager.py:from squid.core.events import (
software/src/squid/backend/managers/channel_configuration_manager.py:    from squid.core.events import EventBus
software/src/squid/backend/managers/__init__.py:from squid.backend.managers.configuration_manager import ConfigurationManager
software/src/squid/backend/managers/__init__.py:from squid.backend.managers.channel_configuration_manager import ChannelConfigurationManager
software/src/squid/backend/managers/__init__.py:from squid.backend.managers.contrast_manager import ContrastManager
software/src/squid/backend/managers/__init__.py:from squid.backend.managers.objective_store import ObjectiveStore
software/src/squid/backend/managers/__init__.py:from squid.backend.managers.scan_coordinates import ScanCoordinates
software/src/squid/backend/managers/__init__.py:from squid.backend.managers.focus_map import FocusMap
software/src/squid/backend/managers/__init__.py:from squid.backend.managers.navigation_state_service import NavigationViewerStateService
software/src/squid/backend/managers/scan_coordinates.py:from squid.backend.managers.objective_store import ObjectiveStore
software/src/squid/backend/managers/scan_coordinates.py:from squid.core.events import Event
software/src/squid/backend/managers/scan_coordinates.py:from squid.core.abc import AbstractStage, AbstractCamera
software/src/squid/backend/managers/scan_coordinates.py:    from squid.core.events import EventBus
software/src/squid/backend/managers/scan_coordinates.py:        from squid.core.events import (
software/src/squid/backend/managers/scan_coordinates.py:        from squid.core.events import SetLiveScanCoordinatesCommand
software/src/squid/backend/managers/scan_coordinates.py:        from squid.core.events import AddTemplateRegionCommand
software/src/squid/backend/managers/scan_coordinates.py:        from squid.core.events import SelectedWellsChanged
software/src/squid/backend/managers/scan_coordinates.py:        from squid.core.events import SetWellSelectionScanCoordinatesCommand
software/src/squid/backend/managers/scan_coordinates.py:        from squid.core.events import SetManualScanCoordinatesCommand
software/src/squid/backend/managers/scan_coordinates.py:        from squid.core.events import LoadScanCoordinatesCommand
software/src/squid/backend/managers/scan_coordinates.py:        from squid.core.events import RequestScanCoordinatesSnapshotCommand, ScanCoordinatesSnapshot
software/src/squid/backend/managers/scan_coordinates.py:        from squid.core.events import AddFlexibleRegionCommand
software/src/squid/backend/managers/scan_coordinates.py:        from squid.core.events import AddFlexibleRegionWithStepSizeCommand
software/src/squid/backend/managers/scan_coordinates.py:        from squid.core.events import RemoveScanCoordinateRegionCommand
software/src/squid/backend/managers/scan_coordinates.py:        from squid.core.events import RenameScanCoordinateRegionCommand
software/src/squid/backend/managers/scan_coordinates.py:        from squid.core.events import UpdateScanCoordinateRegionZCommand
software/src/squid/backend/managers/scan_coordinates.py:        from squid.core.events import WellplateFormatChanged
software/src/squid/backend/managers/scan_coordinates.py:        from squid.core.events import ScanCoordinatesUpdated
software/src/squid/backend/managers/configuration_manager.py:from squid.backend.managers.channel_configuration_manager import (
software/src/squid/backend/managers/configuration_manager.py:    from squid.backend.controllers.autofocus import LaserAFSettingManager
software/src/squid/backend/io/writers/__init__.py:from squid.backend.io.writers import utils_ome_tiff_writer
software/src/squid/backend/io/__init__.py:from squid.backend.io.stream_handler import StreamHandler, StreamHandlerFunctions
software/src/squid/backend/io/stream_handler.py:from squid.core.abc import CameraFrame
software/src/squid/backend/io/utils_acquisition.py:from squid.core.utils.config_utils import ChannelMode
software/src/squid/backend/__init__.py:from squid.backend.microscope import Microscope
software/src/squid/backend/__init__.py:from squid.backend.microcontroller import Microcontroller
software/src/squid/backend/microcontroller.py:from squid.backend.drivers.stages.serial import (
software/src/squid/backend/controllers/multipoint/multi_point_utils.py:from squid.backend.controllers.multipoint.job_processing import CaptureInfo
software/src/squid/backend/controllers/multipoint/multi_point_utils.py:from squid.backend.managers import ScanCoordinates
software/src/squid/backend/controllers/multipoint/multi_point_utils.py:from squid.core.utils.config_utils import ChannelMode
software/src/squid/backend/controllers/multipoint/multi_point_utils.py:from squid.core.abc import CameraFrame
software/src/squid/backend/controllers/multipoint/job_processing.py:from squid.backend.io import utils_acquisition
software/src/squid/backend/controllers/multipoint/job_processing.py:from squid.core.utils.config_utils import ChannelMode
software/src/squid/backend/controllers/multipoint/job_processing.py:from squid.backend.io.writers import utils_ome_tiff_writer as ome_tiff_writer
software/src/squid/backend/controllers/multipoint/multi_point_controller.py:from squid.backend.io import utils_acquisition
software/src/squid/backend/controllers/multipoint/multi_point_controller.py:from squid.backend.controllers.autofocus import AutoFocusController
software/src/squid/backend/controllers/multipoint/multi_point_controller.py:from squid.backend.managers import ChannelConfigurationManager
software/src/squid/backend/controllers/multipoint/multi_point_controller.py:from squid.backend.controllers.multipoint.multi_point_utils import (
software/src/squid/backend/controllers/multipoint/multi_point_controller.py:from squid.backend.managers import ScanCoordinates
software/src/squid/backend/controllers/multipoint/multi_point_controller.py:from squid.backend.controllers.autofocus import LaserAutofocusController
software/src/squid/backend/controllers/multipoint/multi_point_controller.py:from squid.backend.controllers.live_controller import LiveController
software/src/squid/backend/controllers/multipoint/multi_point_controller.py:from squid.backend.controllers.multipoint.multi_point_worker import MultiPointWorker
software/src/squid/backend/controllers/multipoint/multi_point_controller.py:from squid.backend.managers import ObjectiveStore
software/src/squid/backend/controllers/multipoint/multi_point_controller.py:from squid.core.state_machine import StateMachine, InvalidStateTransition
software/src/squid/backend/controllers/multipoint/multi_point_controller.py:from squid.core.mode_gate import GlobalMode, GlobalModeGate
software/src/squid/backend/controllers/multipoint/multi_point_controller.py:from squid.core.events import (
software/src/squid/backend/controllers/multipoint/multi_point_controller.py:    from squid.backend.services import (
software/src/squid/backend/controllers/multipoint/multi_point_controller.py:    from squid.core.events import EventBus
software/src/squid/backend/controllers/multipoint/multi_point_worker.py:from squid.backend.controllers.autofocus import AutoFocusController
software/src/squid/backend/controllers/multipoint/multi_point_worker.py:from squid.backend.managers import ChannelConfigurationManager
software/src/squid/backend/controllers/multipoint/multi_point_worker.py:from squid.backend.controllers.autofocus import LaserAutofocusController
software/src/squid/backend/controllers/multipoint/multi_point_worker.py:from squid.backend.controllers.multipoint.multi_point_utils import AcquisitionParameters
software/src/squid/backend/controllers/multipoint/multi_point_worker.py:from squid.backend.managers import ObjectiveStore
software/src/squid/backend/controllers/multipoint/multi_point_worker.py:from squid.core.utils.config_utils import ChannelMode
software/src/squid/backend/controllers/multipoint/multi_point_worker.py:from squid.core.abc import CameraFrame, CameraFrameFormat
software/src/squid/backend/controllers/multipoint/multi_point_worker.py:from squid.backend.controllers.multipoint.job_processing import (
software/src/squid/backend/controllers/multipoint/multi_point_worker.py:from squid.core.config import CameraPixelFormat
software/src/squid/backend/controllers/multipoint/multi_point_worker.py:from squid.core.utils.thread_safe_state import ThreadSafeValue, ThreadSafeFlag
software/src/squid/backend/controllers/multipoint/multi_point_worker.py:    from squid.backend.services import (
software/src/squid/backend/controllers/multipoint/multi_point_worker.py:    from squid.backend.controllers import MicroscopeModeController
software/src/squid/backend/controllers/multipoint/multi_point_worker.py:    from squid.core.events import EventBus
software/src/squid/backend/controllers/multipoint/multi_point_worker.py:from squid.core.events import (
software/src/squid/backend/controllers/multipoint/multi_point_worker.py:            from squid.core.events import CurrentFOVRegistered
software/src/squid/backend/controllers/multipoint/multi_point_worker.py:                from squid.core.events import AcquisitionCoordinates
software/src/squid/backend/controllers/multipoint/__init__.py:from squid.backend.controllers.multipoint.job_processing import (
software/src/squid/backend/controllers/multipoint/__init__.py:from squid.backend.controllers.multipoint.multi_point_controller import MultiPointController
software/src/squid/backend/controllers/multipoint/__init__.py:from squid.backend.controllers.multipoint.multi_point_utils import (
software/src/squid/backend/controllers/multipoint/__init__.py:from squid.backend.controllers.multipoint.multi_point_worker import MultiPointWorker
software/src/squid/backend/controllers/microscope_mode_controller.py:from squid.core.events import (
software/src/squid/backend/controllers/microscope_mode_controller.py:    from squid.core.events import EventBus
software/src/squid/backend/controllers/microscope_mode_controller.py:    from squid.backend.services import CameraService
software/src/squid/backend/controllers/microscope_mode_controller.py:    from squid.backend.services.illumination_service import IlluminationService
software/src/squid/backend/controllers/microscope_mode_controller.py:    from squid.backend.services.filter_wheel_service import FilterWheelService
software/src/squid/backend/controllers/microscope_mode_controller.py:    from squid.backend.managers.objective_store import ObjectiveStore
software/src/squid/backend/controllers/autofocus/auto_focus_controller.py:from squid.backend.controllers.autofocus.auto_focus_worker import AutofocusWorker
software/src/squid/backend/controllers/autofocus/auto_focus_controller.py:from squid.backend.controllers.live_controller import LiveController
software/src/squid/backend/controllers/autofocus/auto_focus_controller.py:from squid.core.state_machine import StateMachine
software/src/squid/backend/controllers/autofocus/auto_focus_controller.py:from squid.core.mode_gate import GlobalMode, GlobalModeGate
software/src/squid/backend/controllers/autofocus/auto_focus_controller.py:    from squid.backend.services import (
software/src/squid/backend/controllers/autofocus/auto_focus_controller.py:    from squid.core.events import EventBus
software/src/squid/backend/controllers/autofocus/auto_focus_controller.py:        from squid.core.events import (
software/src/squid/backend/controllers/autofocus/auto_focus_controller.py:            from squid.core.events import AutofocusStateChanged
software/src/squid/backend/controllers/autofocus/auto_focus_controller.py:        from squid.core.events import AutofocusCompleted
software/src/squid/backend/controllers/autofocus/__init__.py:from squid.backend.controllers.autofocus.auto_focus_controller import AutoFocusController
software/src/squid/backend/controllers/autofocus/__init__.py:from squid.backend.controllers.autofocus.auto_focus_worker import AutofocusWorker
software/src/squid/backend/controllers/autofocus/__init__.py:from squid.backend.controllers.autofocus.laser_auto_focus_controller import (
software/src/squid/backend/controllers/autofocus/__init__.py:from squid.backend.controllers.autofocus.laser_af_settings_manager import LaserAFSettingManager
software/src/squid/backend/controllers/autofocus/laser_af_settings_manager.py:from squid.core.utils.config_utils import LaserAFConfig
software/src/squid/backend/controllers/autofocus/auto_focus_worker.py:    from squid.core.utils.config_utils import ChannelMode
software/src/squid/backend/controllers/autofocus/auto_focus_worker.py:    from squid.backend.services import (
software/src/squid/backend/controllers/autofocus/auto_focus_worker.py:    from squid.core.events import EventBus
software/src/squid/backend/controllers/autofocus/auto_focus_worker.py:        from squid.core.events import AutofocusWorkerFinished
software/src/squid/backend/controllers/autofocus/laser_auto_focus_controller.py:from squid.backend.controllers.autofocus.laser_af_settings_manager import LaserAFSettingManager
software/src/squid/backend/controllers/autofocus/laser_auto_focus_controller.py:from squid.backend.managers import ObjectiveStore
software/src/squid/backend/controllers/autofocus/laser_auto_focus_controller.py:from squid.core.utils.config_utils import LaserAFConfig
software/src/squid/backend/controllers/autofocus/laser_auto_focus_controller.py:from squid.core.events import (
software/src/squid/backend/controllers/autofocus/laser_auto_focus_controller.py:    from squid.backend.services import CameraService, StageService, PeripheralService, PiezoService
software/src/squid/backend/controllers/tracking_controller.py:from squid.core.mode_gate import GlobalMode, GlobalModeGate
software/src/squid/backend/controllers/tracking_controller.py:from squid.core.events import (
software/src/squid/backend/controllers/tracking_controller.py:from squid.backend.processing.tracking_dasiamrpn import Tracker_Image
software/src/squid/backend/controllers/tracking_controller.py:from squid.backend.io.utils_acquisition import save_image
software/src/squid/backend/controllers/tracking_controller.py:    from squid.core.utils.config_utils import ChannelMode
software/src/squid/backend/controllers/tracking_controller.py:    from squid.backend.controllers.live_controller import LiveController
software/src/squid/backend/controllers/tracking_controller.py:    from squid.backend.services import CameraService, StageService, PeripheralService
software/src/squid/backend/controllers/tracking_controller.py:    from squid.backend.managers.channel_configuration_manager import (
software/src/squid/backend/controllers/tracking_controller.py:    from squid.backend.managers.objective_store import ObjectiveStore
software/src/squid/backend/controllers/__init__.py:from squid.backend.controllers.microscope_mode_controller import MicroscopeModeController
software/src/squid/backend/controllers/__init__.py:from squid.backend.controllers.peripherals_controller import PeripheralsController
software/src/squid/backend/controllers/__init__.py:from squid.backend.controllers.image_click_controller import ImageClickController
software/src/squid/backend/controllers/__init__.py:from squid.backend.controllers.live_controller import LiveController
software/src/squid/backend/controllers/__init__.py:from squid.backend.controllers.tracking_controller import TrackingControllerCore
software/src/squid/backend/controllers/__init__.py:from squid.backend.controllers.autofocus import (
software/src/squid/backend/controllers/__init__.py:from squid.backend.controllers.multipoint import (
software/src/squid/backend/controllers/peripherals_controller.py:from squid.core.events import (
software/src/squid/backend/controllers/peripherals_controller.py:    from squid.core.events import EventBus
software/src/squid/backend/controllers/peripherals_controller.py:    from squid.backend.managers.objective_store import ObjectiveStore
software/src/squid/backend/controllers/peripherals_controller.py:    from squid.backend.services.objective_changer_service import ObjectiveChangerService
software/src/squid/backend/controllers/peripherals_controller.py:    from squid.backend.services.spinning_disk_service import SpinningDiskService
software/src/squid/backend/controllers/peripherals_controller.py:    from squid.backend.services.piezo_service import PiezoService
software/src/squid/backend/controllers/live_controller.py:from squid.core.abc import CameraAcquisitionMode
software/src/squid/backend/controllers/live_controller.py:from squid.backend.services import CameraService
software/src/squid/backend/controllers/live_controller.py:from squid.backend.services.peripheral_service import PeripheralService
software/src/squid/backend/controllers/live_controller.py:from squid.backend.services.illumination_service import IlluminationService
software/src/squid/backend/controllers/live_controller.py:from squid.backend.services.filter_wheel_service import FilterWheelService
software/src/squid/backend/controllers/live_controller.py:from squid.backend.services.nl5_service import NL5Service
software/src/squid/backend/controllers/live_controller.py:from squid.core.events import (
software/src/squid/backend/controllers/live_controller.py:from squid.core.state_machine import StateMachine, InvalidStateForOperation
software/src/squid/backend/controllers/live_controller.py:from squid.core.mode_gate import GlobalMode, GlobalModeGate
software/src/squid/backend/controllers/live_controller.py:from squid.core.utils import utils_channel
software/src/squid/backend/controllers/live_controller.py:    from squid.core.utils.config_utils import ChannelMode
software/src/squid/backend/controllers/image_click_controller.py:from squid.core.events import (
software/src/squid/backend/controllers/image_click_controller.py:    from squid.core.events import EventBus
software/src/squid/backend/controllers/image_click_controller.py:    from squid.backend.managers import ObjectiveStore
software/src/squid/backend/controllers/image_click_controller.py:    from squid.backend.services import CameraService
software/src/squid/backend/controllers/image_click_controller.py:    from squid.backend.services import StageService
software/src/squid/backend/services/illumination_service.py:from squid.backend.services.base import BaseService
software/src/squid/backend/services/illumination_service.py:from squid.core.events import (
software/src/squid/backend/services/illumination_service.py:from squid.core.abc import LightSource
software/src/squid/backend/services/fluidics_service.py:from squid.backend.services.base import BaseService
software/src/squid/backend/services/fluidics_service.py:from squid.core.events import EventBus
software/src/squid/backend/services/fluidics_service.py:    from squid.backend.drivers.fluidics.fluidics import Fluidics
software/src/squid/backend/services/spinning_disk_service.py:from squid.backend.services.base import BaseService
software/src/squid/backend/services/spinning_disk_service.py:from squid.core.events import EventBus
software/src/squid/backend/services/camera_service.py:from squid.backend.services.base import BaseService
software/src/squid/backend/services/camera_service.py:from squid.core.config import CameraPixelFormat
software/src/squid/backend/services/camera_service.py:from squid.core.events import (
software/src/squid/backend/services/camera_service.py:from squid.core.abc import AbstractCamera, CameraGainRange, CameraAcquisitionMode
software/src/squid/backend/services/peripheral_service.py:from squid.backend.services.base import BaseService
software/src/squid/backend/services/peripheral_service.py:from squid.core.events import (
software/src/squid/backend/services/piezo_service.py:from squid.backend.services.base import BaseService
software/src/squid/backend/services/piezo_service.py:from squid.core.events import (
software/src/squid/backend/services/piezo_service.py:    from squid.core.abc import PiezoStage
software/src/squid/backend/services/__init__.py:from squid.backend.services.base import BaseService
software/src/squid/backend/services/__init__.py:from squid.backend.services.peripheral_service import PeripheralService
software/src/squid/backend/services/__init__.py:from squid.backend.services.camera_service import CameraService
software/src/squid/backend/services/__init__.py:from squid.backend.services.stage_service import StageService
software/src/squid/backend/services/__init__.py:from squid.backend.services.illumination_service import IlluminationService
software/src/squid/backend/services/__init__.py:from squid.backend.services.filter_wheel_service import FilterWheelService
software/src/squid/backend/services/__init__.py:from squid.backend.services.piezo_service import PiezoService
software/src/squid/backend/services/__init__.py:from squid.backend.services.fluidics_service import FluidicsService
software/src/squid/backend/services/__init__.py:from squid.backend.services.objective_changer_service import ObjectiveChangerService
software/src/squid/backend/services/__init__.py:from squid.backend.services.spinning_disk_service import SpinningDiskService
software/src/squid/backend/services/__init__.py:from squid.backend.services.nl5_service import NL5Service
software/src/squid/backend/services/__init__.py:from squid.backend.services.movement_service import MovementService
software/src/squid/backend/services/__init__.py:from squid.core.events import EventBus
software/src/squid/backend/services/__init__.py:    from squid.ui.ui_event_bus import UIEventBus
software/src/squid/backend/services/__init__.py:        from squid.core.events import event_bus
software/src/squid/backend/services/__init__.py:        from squid.backend.services import ServiceRegistry
software/src/squid/backend/services/movement_service.py:from squid.core.abc import AbstractStage
software/src/squid/backend/services/movement_service.py:from squid.backend.services.base import BaseService
software/src/squid/backend/services/movement_service.py:from squid.core.events import (
software/src/squid/backend/services/filter_wheel_service.py:from squid.backend.services.base import BaseService
software/src/squid/backend/services/filter_wheel_service.py:from squid.core.events import (
software/src/squid/backend/services/filter_wheel_service.py:from squid.core.abc import AbstractFilterWheelController
software/src/squid/backend/services/objective_changer_service.py:from squid.backend.services.base import BaseService
software/src/squid/backend/services/objective_changer_service.py:from squid.core.events import EventBus
software/src/squid/backend/services/nl5_service.py:from squid.backend.services.base import BaseService
software/src/squid/backend/services/nl5_service.py:from squid.core.events import EventBus
software/src/squid/backend/services/stage_service.py:from squid.backend.services.base import BaseService
software/src/squid/backend/services/stage_service.py:from squid.core.events import (
software/src/squid/backend/services/stage_service.py:    from squid.core.abc import AbstractStage, Pos
software/src/squid/backend/services/base.py:from squid.core.events import EventBus, Event
software/src/squid/backend/services/base.py:from squid.core.mode_gate import GlobalModeGate
